# JRE version: Java(TM) SE Runtime Environment (8.0_66-b18) (build 1.8.0_66-b18)
# Java VM: Java HotSpot(TM) 64-Bit Server VM (25.66-b18 mixed mode windows-amd64 compressed oops)
Heap:
 PSYoungGen      total 145408K, used 22957K [0x00000000eab00000, 0x00000000f8800000, 0x0000000100000000)
  eden space 123904K, 2% used [0x00000000eab00000,0x00000000eae534e8,0x00000000f2400000)
  from space 21504K, 90% used [0x00000000f2400000,0x00000000f3718020,0x00000000f3900000)
  to   space 37888K, 0% used [0x00000000f6300000,0x00000000f6300000,0x00000000f8800000)
 ParOldGen       total 97792K, used 65676K [0x00000000c0000000, 0x00000000c5f80000, 0x00000000eab00000)
  object space 97792K, 67% used [0x00000000c0000000,0x00000000c4023080,0x00000000c5f80000)
 Metaspace       used 6568K, capacity 7256K, committed 7424K, reserved 1056768K
  class space    used 625K, capacity 656K, committed 768K, reserved 1048576K
GC Heap History (10 events):
Event: 2.033 GC heap before
{Heap before GC invocations=8 (full 0):
 PSYoungGen      total 75264K, used 75250K [0x00000000eab00000, 0x00000000f4900000, 0x0000000100000000)
  eden space 64512K, 100% used [0x00000000eab00000,0x00000000eea00000,0x00000000eea00000)
  from space 10752K, 99% used [0x00000000eea00000,0x00000000ef47ca78,0x00000000ef480000)
  to   space 16384K, 0% used [0x00000000f3900000,0x00000000f3900000,0x00000000f4900000)
 ParOldGen       total 44032K, used 17337K [0x00000000c0000000, 0x00000000c2b00000, 0x00000000eab00000)
  object space 44032K, 39% used [0x00000000c0000000,0x00000000c10ee778,0x00000000c2b00000)
 Metaspace       used 6443K, capacity 7192K, committed 7424K, reserved 1056768K
  class space    used 625K, capacity 656K, committed 768K, reserved 1048576K
Event: 2.081 GC heap after
Heap after GC invocations=8 (full 0):
 PSYoungGen      total 140288K, used 16352K [0x00000000eab00000, 0x00000000f5300000, 0x0000000100000000)
  eden space 123904K, 0% used [0x00000000eab00000,0x00000000eab00000,0x00000000f2400000)
  from space 16384K, 99% used [0x00000000f3900000,0x00000000f48f8260,0x00000000f4900000)
  to   space 21504K, 0% used [0x00000000f2400000,0x00000000f2400000,0x00000000f3900000)
 ParOldGen       total 44032K, used 21754K [0x00000000c0000000, 0x00000000c2b00000, 0x00000000eab00000)
  object space 44032K, 49% used [0x00000000c0000000,0x00000000c153ea08,0x00000000c2b00000)
 Metaspace       used 6443K, capacity 7192K, committed 7424K, reserved 1056768K
  class space    used 625K, capacity 656K, committed 768K, reserved 1048576K
}
Event: 2.490 GC heap before
{Heap before GC invocations=9 (full 0):
 PSYoungGen      total 140288K, used 140256K [0x00000000eab00000, 0x00000000f5300000, 0x0000000100000000)
  eden space 123904K, 99% used [0x00000000eab00000,0x00000000f23ffff8,0x00000000f2400000)
  from space 16384K, 99% used [0x00000000f3900000,0x00000000f48f8260,0x00000000f4900000)
  to   space 21504K, 0% used [0x00000000f2400000,0x00000000f2400000,0x00000000f3900000)
 ParOldGen       total 44032K, used 21754K [0x00000000c0000000, 0x00000000c2b00000, 0x00000000eab00000)
  object space 44032K, 49% used [0x00000000c0000000,0x00000000c153ea08,0x00000000c2b00000)
 Metaspace       used 6484K, capacity 7256K, committed 7424K, reserved 1056768K
  class space    used 625K, capacity 656K, committed 768K, reserved 1048576K
Event: 2.527 GC heap after
Heap after GC invocations=9 (full 0):
 PSYoungGen      total 145408K, used 21485K [0x00000000eab00000, 0x00000000f5300000, 0x0000000100000000)
  eden space 123904K, 0% used [0x00000000eab00000,0x00000000eab00000,0x00000000f2400000)
  from space 21504K, 99% used [0x00000000f2400000,0x00000000f38fb510,0x00000000f3900000)
  to   space 16384K, 0% used [0x00000000f3900000,0x00000000f3900000,0x00000000f4900000)
 ParOldGen       total 44032K, used 29650K [0x00000000c0000000, 0x00000000c2b00000, 0x00000000eab00000)
  object space 44032K, 67% used [0x00000000c0000000,0x00000000c1cf4928,0x00000000c2b00000)
 Metaspace       used 6484K, capacity 7256K, committed 7424K, reserved 1056768K
  class space    used 625K, capacity 656K, committed 768K, reserved 1048576K
}
Event: 3.096 GC heap before
{Heap before GC invocations=10 (full 0):
 PSYoungGen      total 145408K, used 145389K [0x00000000eab00000, 0x00000000f5300000, 0x0000000100000000)
  eden space 123904K, 100% used [0x00000000eab00000,0x00000000f2400000,0x00000000f2400000)
  from space 21504K, 99% used [0x00000000f2400000,0x00000000f38fb510,0x00000000f3900000)
  to   space 16384K, 0% used [0x00000000f3900000,0x00000000f3900000,0x00000000f4900000)
 ParOldGen       total 44032K, used 29650K [0x00000000c0000000, 0x00000000c2b00000, 0x00000000eab00000)
  object space 44032K, 67% used [0x00000000c0000000,0x00000000c1cf4928,0x00000000c2b00000)
 Metaspace       used 6563K, capacity 7256K, committed 7424K, reserved 1056768K
  class space    used 625K, capacity 656K, committed 768K, reserved 1048576K
Event: 3.184 GC heap after
Heap after GC invocations=10 (full 0):
 PSYoungGen      total 140288K, used 16368K [0x00000000eab00000, 0x00000000f5300000, 0x0000000100000000)
  eden space 123904K, 0% used [0x00000000eab00000,0x00000000eab00000,0x00000000f2400000)
  from space 16384K, 99% used [0x00000000f3900000,0x00000000f48fc020,0x00000000f4900000)
  to   space 21504K, 0% used [0x00000000f2400000,0x00000000f2400000,0x00000000f3900000)
 ParOldGen       total 54784K, used 54450K [0x00000000c0000000, 0x00000000c3580000, 0x00000000eab00000)
  object space 54784K, 99% used [0x00000000c0000000,0x00000000c352cb78,0x00000000c3580000)
 Metaspace       used 6563K, capacity 7256K, committed 7424K, reserved 1056768K
  class space    used 625K, capacity 656K, committed 768K, reserved 1048576K
}
Event: 3.184 GC heap before
{Heap before GC invocations=11 (full 1):
 PSYoungGen      total 140288K, used 16368K [0x00000000eab00000, 0x00000000f5300000, 0x0000000100000000)
  eden space 123904K, 0% used [0x00000000eab00000,0x00000000eab00000,0x00000000f2400000)
  from space 16384K, 99% used [0x00000000f3900000,0x00000000f48fc020,0x00000000f4900000)
  to   space 21504K, 0% used [0x00000000f2400000,0x00000000f2400000,0x00000000f3900000)
 ParOldGen       total 54784K, used 54450K [0x00000000c0000000, 0x00000000c3580000, 0x00000000eab00000)
  object space 54784K, 99% used [0x00000000c0000000,0x00000000c352cb78,0x00000000c3580000)
 Metaspace       used 6563K, capacity 7256K, committed 7424K, reserved 1056768K
  class space    used 625K, capacity 656K, committed 768K, reserved 1048576K
Event: 3.740 GC heap after
Heap after GC invocations=11 (full 1):
 PSYoungGen      total 140288K, used 11184K [0x00000000eab00000, 0x00000000f5300000, 0x0000000100000000)
  eden space 123904K, 0% used [0x00000000eab00000,0x00000000eab00000,0x00000000f2400000)
  from space 16384K, 68% used [0x00000000f3900000,0x00000000f43ec130,0x00000000f4900000)
  to   space 21504K, 0% used [0x00000000f2400000,0x00000000f2400000,0x00000000f3900000)
 ParOldGen       total 97792K, used 54431K [0x00000000c0000000, 0x00000000c5f80000, 0x00000000eab00000)
  object space 97792K, 55% used [0x00000000c0000000,0x00000000c3527d20,0x00000000c5f80000)
 Metaspace       used 6563K, capacity 7256K, committed 7424K, reserved 1056768K
  class space    used 625K, capacity 656K, committed 768K, reserved 1048576K
}
Event: 4.220 GC heap before
{Heap before GC invocations=12 (full 1):
 PSYoungGen      total 140288K, used 135088K [0x00000000eab00000, 0x00000000f5300000, 0x0000000100000000)
  eden space 123904K, 100% used [0x00000000eab00000,0x00000000f2400000,0x00000000f2400000)
  from space 16384K, 68% used [0x00000000f3900000,0x00000000f43ec130,0x00000000f4900000)
  to   space 21504K, 0% used [0x00000000f2400000,0x00000000f2400000,0x00000000f3900000)
 ParOldGen       total 97792K, used 54431K [0x00000000c0000000, 0x00000000c5f80000, 0x00000000eab00000)
  object space 97792K, 55% used [0x00000000c0000000,0x00000000c3527d20,0x00000000c5f80000)
 Metaspace       used 6568K, capacity 7256K, committed 7424K, reserved 1056768K
  class space    used 625K, capacity 656K, committed 768K, reserved 1048576K
Event: 4.276 GC heap after
Heap after GC invocations=12 (full 1):
 PSYoungGen      total 145408K, used 19552K [0x00000000eab00000, 0x00000000f8800000, 0x0000000100000000)
  eden space 123904K, 0% used [0x00000000eab00000,0x00000000eab00000,0x00000000f2400000)
  from space 21504K, 90% used [0x00000000f2400000,0x00000000f3718020,0x00000000f3900000)
  to   space 37888K, 0% used [0x00000000f6300000,0x00000000f6300000,0x00000000f8800000)
 ParOldGen       total 97792K, used 65676K [0x00000000c0000000, 0x00000000c5f80000, 0x00000000eab00000)
  object space 97792K, 67% used [0x00000000c0000000,0x00000000c4023080,0x00000000c5f80000)
 Metaspace       used 6568K, capacity 7256K, committed 7424K, reserved 1056768K
  class space    used 625K, capacity 656K, committed 768K, reserved 1048576K
}

