# JRE version: Java(TM) SE Runtime Environment (8.0_66-b18) (build 1.8.0_66-b18)
# Java VM: Java HotSpot(TM) 64-Bit Server VM (25.66-b18 mixed mode windows-amd64 compressed oops)
Heap:
 PSYoungGen      total 127488K, used 89727K [0x00000000eab00000, 0x00000000f4000000, 0x0000000100000000)
  eden space 103424K, 83% used [0x00000000eab00000,0x00000000eff58178,0x00000000f1000000)
  from space 24064K, 13% used [0x00000000f2880000,0x00000000f2bc7d60,0x00000000f4000000)
  to   space 24576K, 0% used [0x00000000f1000000,0x00000000f1000000,0x00000000f2800000)
 ParOldGen       total 80384K, used 43605K [0x00000000c0000000, 0x00000000c4e80000, 0x00000000eab00000)
  object space 80384K, 54% used [0x00000000c0000000,0x00000000c2a95438,0x00000000c4e80000)
 Metaspace       used 6555K, capacity 7256K, committed 7424K, reserved 1056768K
  class space    used 625K, capacity 656K, committed 768K, reserved 1048576K
GC Heap History (10 events):
Event: 1.572 GC heap before
{Heap before GC invocations=7 (full 0):
 PSYoungGen      total 74240K, used 71999K [0x00000000eab00000, 0x00000000f0000000, 0x0000000100000000)
  eden space 64512K, 100% used [0x00000000eab00000,0x00000000eea00000,0x00000000eea00000)
  from space 9728K, 76% used [0x00000000ef480000,0x00000000efbcff48,0x00000000efe00000)
  to   space 10752K, 0% used [0x00000000eea00000,0x00000000eea00000,0x00000000ef480000)
 ParOldGen       total 44032K, used 11090K [0x00000000c0000000, 0x00000000c2b00000, 0x00000000eab00000)
  object space 44032K, 25% used [0x00000000c0000000,0x00000000c0ad4a50,0x00000000c2b00000)
 Metaspace       used 6310K, capacity 7152K, committed 7296K, reserved 1056768K
  class space    used 604K, capacity 616K, committed 640K, reserved 1048576K
Event: 1.600 GC heap after
Heap after GC invocations=7 (full 0):
 PSYoungGen      total 75264K, used 10726K [0x00000000eab00000, 0x00000000f4800000, 0x0000000100000000)
  eden space 64512K, 0% used [0x00000000eab00000,0x00000000eab00000,0x00000000eea00000)
  from space 10752K, 99% used [0x00000000eea00000,0x00000000ef479940,0x00000000ef480000)
  to   space 15872K, 0% used [0x00000000f3880000,0x00000000f3880000,0x00000000f4800000)
 ParOldGen       total 44032K, used 17061K [0x00000000c0000000, 0x00000000c2b00000, 0x00000000eab00000)
  object space 44032K, 38% used [0x00000000c0000000,0x00000000c10a9508,0x00000000c2b00000)
 Metaspace       used 6310K, capacity 7152K, committed 7296K, reserved 1056768K
  class space    used 604K, capacity 616K, committed 640K, reserved 1048576K
}
Event: 1.908 GC heap before
{Heap before GC invocations=8 (full 0):
 PSYoungGen      total 75264K, used 75218K [0x00000000eab00000, 0x00000000f4800000, 0x0000000100000000)
  eden space 64512K, 99% used [0x00000000eab00000,0x00000000ee9fb198,0x00000000eea00000)
  from space 10752K, 99% used [0x00000000eea00000,0x00000000ef479940,0x00000000ef480000)
  to   space 15872K, 0% used [0x00000000f3880000,0x00000000f3880000,0x00000000f4800000)
 ParOldGen       total 44032K, used 17061K [0x00000000c0000000, 0x00000000c2b00000, 0x00000000eab00000)
  object space 44032K, 38% used [0x00000000c0000000,0x00000000c10a9508,0x00000000c2b00000)
 Metaspace       used 6448K, capacity 7192K, committed 7424K, reserved 1056768K
  class space    used 625K, capacity 656K, committed 768K, reserved 1048576K
Event: 1.946 GC heap after
Heap after GC invocations=8 (full 0):
 PSYoungGen      total 80384K, used 15847K [0x00000000eab00000, 0x00000000f4800000, 0x0000000100000000)
  eden space 64512K, 0% used [0x00000000eab00000,0x00000000eab00000,0x00000000eea00000)
  from space 15872K, 99% used [0x00000000f3880000,0x00000000f47f9d10,0x00000000f4800000)
  to   space 10752K, 0% used [0x00000000eea00000,0x00000000eea00000,0x00000000ef480000)
 ParOldGen       total 44032K, used 22253K [0x00000000c0000000, 0x00000000c2b00000, 0x00000000eab00000)
  object space 44032K, 50% used [0x00000000c0000000,0x00000000c15bb670,0x00000000c2b00000)
 Metaspace       used 6448K, capacity 7192K, committed 7424K, reserved 1056768K
  class space    used 625K, capacity 656K, committed 768K, reserved 1048576K
}
Event: 2.091 GC heap before
{Heap before GC invocations=9 (full 0):
 PSYoungGen      total 80384K, used 80359K [0x00000000eab00000, 0x00000000f4800000, 0x0000000100000000)
  eden space 64512K, 100% used [0x00000000eab00000,0x00000000eea00000,0x00000000eea00000)
  from space 15872K, 99% used [0x00000000f3880000,0x00000000f47f9d10,0x00000000f4800000)
  to   space 10752K, 0% used [0x00000000eea00000,0x00000000eea00000,0x00000000ef480000)
 ParOldGen       total 44032K, used 22253K [0x00000000c0000000, 0x00000000c2b00000, 0x00000000eab00000)
  object space 44032K, 50% used [0x00000000c0000000,0x00000000c15bb670,0x00000000c2b00000)
 Metaspace       used 6463K, capacity 7256K, committed 7424K, reserved 1056768K
  class space    used 625K, capacity 656K, committed 768K, reserved 1048576K
Event: 2.144 GC heap after
Heap after GC invocations=9 (full 0):
 PSYoungGen      total 75264K, used 10720K [0x00000000eab00000, 0x00000000f4100000, 0x0000000100000000)
  eden space 64512K, 0% used [0x00000000eab00000,0x00000000eab00000,0x00000000eea00000)
  from space 10752K, 99% used [0x00000000eea00000,0x00000000ef4782f0,0x00000000ef480000)
  to   space 25088K, 0% used [0x00000000f2880000,0x00000000f2880000,0x00000000f4100000)
 ParOldGen       total 44032K, used 33031K [0x00000000c0000000, 0x00000000c2b00000, 0x00000000eab00000)
  object space 44032K, 75% used [0x00000000c0000000,0x00000000c2041da8,0x00000000c2b00000)
 Metaspace       used 6463K, capacity 7256K, committed 7424K, reserved 1056768K
  class space    used 625K, capacity 656K, committed 768K, reserved 1048576K
}
Event: 2.401 GC heap before
{Heap before GC invocations=10 (full 0):
 PSYoungGen      total 75264K, used 75232K [0x00000000eab00000, 0x00000000f4100000, 0x0000000100000000)
  eden space 64512K, 100% used [0x00000000eab00000,0x00000000eea00000,0x00000000eea00000)
  from space 10752K, 99% used [0x00000000eea00000,0x00000000ef4782f0,0x00000000ef480000)
  to   space 25088K, 0% used [0x00000000f2880000,0x00000000f2880000,0x00000000f4100000)
 ParOldGen       total 44032K, used 33031K [0x00000000c0000000, 0x00000000c2b00000, 0x00000000eab00000)
  object space 44032K, 75% used [0x00000000c0000000,0x00000000c2041da8,0x00000000c2b00000)
 Metaspace       used 6504K, capacity 7256K, committed 7424K, reserved 1056768K
  class space    used 625K, capacity 656K, committed 768K, reserved 1048576K
Event: 2.437 GC heap after
Heap after GC invocations=10 (full 0):
 PSYoungGen      total 127488K, used 12736K [0x00000000eab00000, 0x00000000f4000000, 0x0000000100000000)
  eden space 103424K, 0% used [0x00000000eab00000,0x00000000eab00000,0x00000000f1000000)
  from space 24064K, 52% used [0x00000000f2880000,0x00000000f34f0000,0x00000000f4000000)
  to   space 24576K, 0% used [0x00000000f1000000,0x00000000f1000000,0x00000000f2800000)
 ParOldGen       total 44032K, used 40788K [0x00000000c0000000, 0x00000000c2b00000, 0x00000000eab00000)
  object space 44032K, 92% used [0x00000000c0000000,0x00000000c27d5138,0x00000000c2b00000)
 Metaspace       used 6504K, capacity 7256K, committed 7424K, reserved 1056768K
  class space    used 625K, capacity 656K, committed 768K, reserved 1048576K
}
Event: 2.437 GC heap before
{Heap before GC invocations=11 (full 1):
 PSYoungGen      total 127488K, used 12736K [0x00000000eab00000, 0x00000000f4000000, 0x0000000100000000)
  eden space 103424K, 0% used [0x00000000eab00000,0x00000000eab00000,0x00000000f1000000)
  from space 24064K, 52% used [0x00000000f2880000,0x00000000f34f0000,0x00000000f4000000)
  to   space 24576K, 0% used [0x00000000f1000000,0x00000000f1000000,0x00000000f2800000)
 ParOldGen       total 44032K, used 40788K [0x00000000c0000000, 0x00000000c2b00000, 0x00000000eab00000)
  object space 44032K, 92% used [0x00000000c0000000,0x00000000c27d5138,0x00000000c2b00000)
 Metaspace       used 6504K, capacity 7256K, committed 7424K, reserved 1056768K
  class space    used 625K, capacity 656K, committed 768K, reserved 1048576K
Event: 2.773 GC heap after
Heap after GC invocations=11 (full 1):
 PSYoungGen      total 127488K, used 3359K [0x00000000eab00000, 0x00000000f4000000, 0x0000000100000000)
  eden space 103424K, 0% used [0x00000000eab00000,0x00000000eab00000,0x00000000f1000000)
  from space 24064K, 13% used [0x00000000f2880000,0x00000000f2bc7d60,0x00000000f4000000)
  to   space 24576K, 0% used [0x00000000f1000000,0x00000000f1000000,0x00000000f2800000)
 ParOldGen       total 80384K, used 43605K [0x00000000c0000000, 0x00000000c4e80000, 0x00000000eab00000)
  object space 80384K, 54% used [0x00000000c0000000,0x00000000c2a95438,0x00000000c4e80000)
 Metaspace       used 6504K, capacity 7256K, committed 7424K, reserved 1056768K
  class space    used 625K, capacity 656K, committed 768K, reserved 1048576K
}

