# JRE version: Java(TM) SE Runtime Environment (8.0_66-b18) (build 1.8.0_66-b18)
# Java VM: Java HotSpot(TM) 64-Bit Server VM (25.66-b18 mixed mode windows-amd64 compressed oops)
Heap:
 PSYoungGen      total 98816K, used 26860K [0x00000000eab00000, 0x00000000f1f80000, 0x0000000100000000)
  eden space 80384K, 10% used [0x00000000eab00000,0x00000000eb33de80,0x00000000ef980000)
  from space 18432K, 99% used [0x00000000ef980000,0x00000000f0b7d2a0,0x00000000f0b80000)
  to   space 17920K, 0% used [0x00000000f0b80000,0x00000000f0b80000,0x00000000f1d00000)
 ParOldGen       total 158208K, used 86444K [0x00000000c0000000, 0x00000000c9a80000, 0x00000000eab00000)
  object space 158208K, 54% used [0x00000000c0000000,0x00000000c546b330,0x00000000c9a80000)
 Metaspace       used 6579K, capacity 7320K, committed 7680K, reserved 1056768K
  class space    used 626K, capacity 656K, committed 768K, reserved 1048576K
GC Heap History (10 events):
Event: 4.035 GC heap before
{Heap before GC invocations=12 (full 1):
 PSYoungGen      total 98304K, used 91808K [0x00000000eab00000, 0x00000000f1f80000, 0x0000000100000000)
  eden space 80384K, 100% used [0x00000000eab00000,0x00000000ef980000,0x00000000ef980000)
  from space 17920K, 63% used [0x00000000f0b80000,0x00000000f16a8010,0x00000000f1d00000)
  to   space 18432K, 0% used [0x00000000ef980000,0x00000000ef980000,0x00000000f0b80000)
 ParOldGen       total 78336K, used 53386K [0x00000000c0000000, 0x00000000c4c80000, 0x00000000eab00000)
  object space 78336K, 68% used [0x00000000c0000000,0x00000000c34229d8,0x00000000c4c80000)
 Metaspace       used 6574K, capacity 7320K, committed 7680K, reserved 1056768K
  class space    used 626K, capacity 656K, committed 768K, reserved 1048576K
Event: 4.090 GC heap after
Heap after GC invocations=12 (full 1):
 PSYoungGen      total 98816K, used 18400K [0x00000000eab00000, 0x00000000f1f80000, 0x0000000100000000)
  eden space 80384K, 0% used [0x00000000eab00000,0x00000000eab00000,0x00000000ef980000)
  from space 18432K, 99% used [0x00000000ef980000,0x00000000f0b78030,0x00000000f0b80000)
  to   space 17920K, 0% used [0x00000000f0b80000,0x00000000f0b80000,0x00000000f1d00000)
 ParOldGen       total 78336K, used 58900K [0x00000000c0000000, 0x00000000c4c80000, 0x00000000eab00000)
  object space 78336K, 75% used [0x00000000c0000000,0x00000000c3985288,0x00000000c4c80000)
 Metaspace       used 6574K, capacity 7320K, committed 7680K, reserved 1056768K
  class space    used 626K, capacity 656K, committed 768K, reserved 1048576K
}
Event: 4.436 GC heap before
{Heap before GC invocations=13 (full 1):
 PSYoungGen      total 98816K, used 98784K [0x00000000eab00000, 0x00000000f1f80000, 0x0000000100000000)
  eden space 80384K, 100% used [0x00000000eab00000,0x00000000ef980000,0x00000000ef980000)
  from space 18432K, 99% used [0x00000000ef980000,0x00000000f0b78030,0x00000000f0b80000)
  to   space 17920K, 0% used [0x00000000f0b80000,0x00000000f0b80000,0x00000000f1d00000)
 ParOldGen       total 78336K, used 58900K [0x00000000c0000000, 0x00000000c4c80000, 0x00000000eab00000)
  object space 78336K, 75% used [0x00000000c0000000,0x00000000c3985288,0x00000000c4c80000)
 Metaspace       used 6575K, capacity 7320K, committed 7680K, reserved 1056768K
  class space    used 626K, capacity 656K, committed 768K, reserved 1048576K
Event: 4.504 GC heap after
Heap after GC invocations=13 (full 1):
 PSYoungGen      total 98304K, used 17918K [0x00000000eab00000, 0x00000000f1f80000, 0x0000000100000000)
  eden space 80384K, 0% used [0x00000000eab00000,0x00000000eab00000,0x00000000ef980000)
  from space 17920K, 99% used [0x00000000f0b80000,0x00000000f1cffa20,0x00000000f1d00000)
  to   space 18432K, 0% used [0x00000000ef980000,0x00000000ef980000,0x00000000f0b80000)
 ParOldGen       total 78336K, used 71535K [0x00000000c0000000, 0x00000000c4c80000, 0x00000000eab00000)
  object space 78336K, 91% used [0x00000000c0000000,0x00000000c45dbc08,0x00000000c4c80000)
 Metaspace       used 6575K, capacity 7320K, committed 7680K, reserved 1056768K
  class space    used 626K, capacity 656K, committed 768K, reserved 1048576K
}
Event: 4.505 GC heap before
{Heap before GC invocations=14 (full 2):
 PSYoungGen      total 98304K, used 17918K [0x00000000eab00000, 0x00000000f1f80000, 0x0000000100000000)
  eden space 80384K, 0% used [0x00000000eab00000,0x00000000eab00000,0x00000000ef980000)
  from space 17920K, 99% used [0x00000000f0b80000,0x00000000f1cffa20,0x00000000f1d00000)
  to   space 18432K, 0% used [0x00000000ef980000,0x00000000ef980000,0x00000000f0b80000)
 ParOldGen       total 78336K, used 71535K [0x00000000c0000000, 0x00000000c4c80000, 0x00000000eab00000)
  object space 78336K, 91% used [0x00000000c0000000,0x00000000c45dbc08,0x00000000c4c80000)
 Metaspace       used 6575K, capacity 7320K, committed 7680K, reserved 1056768K
  class space    used 626K, capacity 656K, committed 768K, reserved 1048576K
Event: 5.203 GC heap after
Heap after GC invocations=14 (full 2):
 PSYoungGen      total 98304K, used 7112K [0x00000000eab00000, 0x00000000f1f80000, 0x0000000100000000)
  eden space 80384K, 0% used [0x00000000eab00000,0x00000000eab00000,0x00000000ef980000)
  from space 17920K, 39% used [0x00000000f0b80000,0x00000000f1272210,0x00000000f1d00000)
  to   space 18432K, 0% used [0x00000000ef980000,0x00000000ef980000,0x00000000f0b80000)
 ParOldGen       total 78336K, used 78157K [0x00000000c0000000, 0x00000000c4c80000, 0x00000000eab00000)
  object space 78336K, 99% used [0x00000000c0000000,0x00000000c4c534d8,0x00000000c4c80000)
 Metaspace       used 6575K, capacity 7320K, committed 7680K, reserved 1056768K
  class space    used 626K, capacity 656K, committed 768K, reserved 1048576K
}
Event: 5.501 GC heap before
{Heap before GC invocations=15 (full 3):
 PSYoungGen      total 98304K, used 87496K [0x00000000eab00000, 0x00000000f1f80000, 0x0000000100000000)
  eden space 80384K, 100% used [0x00000000eab00000,0x00000000ef980000,0x00000000ef980000)
  from space 17920K, 39% used [0x00000000f0b80000,0x00000000f1272210,0x00000000f1d00000)
  to   space 18432K, 0% used [0x00000000ef980000,0x00000000ef980000,0x00000000f0b80000)
 ParOldGen       total 78336K, used 78157K [0x00000000c0000000, 0x00000000c4c80000, 0x00000000eab00000)
  object space 78336K, 99% used [0x00000000c0000000,0x00000000c4c534d8,0x00000000c4c80000)
 Metaspace       used 6577K, capacity 7320K, committed 7680K, reserved 1056768K
  class space    used 626K, capacity 656K, committed 768K, reserved 1048576K
Event: 5.888 GC heap after
Heap after GC invocations=15 (full 3):
 PSYoungGen      total 98304K, used 18019K [0x00000000eab00000, 0x00000000f1f80000, 0x0000000100000000)
  eden space 80384K, 22% used [0x00000000eab00000,0x00000000ebc98f08,0x00000000ef980000)
  from space 17920K, 0% used [0x00000000f0b80000,0x00000000f0b80000,0x00000000f1d00000)
  to   space 18432K, 0% used [0x00000000ef980000,0x00000000ef980000,0x00000000f0b80000)
 ParOldGen       total 158208K, used 78329K [0x00000000c0000000, 0x00000000c9a80000, 0x00000000eab00000)
  object space 158208K, 49% used [0x00000000c0000000,0x00000000c4c7e6d8,0x00000000c9a80000)
 Metaspace       used 6577K, capacity 7320K, committed 7680K, reserved 1056768K
  class space    used 626K, capacity 656K, committed 768K, reserved 1048576K
}
Event: 6.122 GC heap before
{Heap before GC invocations=16 (full 3):
 PSYoungGen      total 98304K, used 80384K [0x00000000eab00000, 0x00000000f1f80000, 0x0000000100000000)
  eden space 80384K, 100% used [0x00000000eab00000,0x00000000ef980000,0x00000000ef980000)
  from space 17920K, 0% used [0x00000000f0b80000,0x00000000f0b80000,0x00000000f1d00000)
  to   space 18432K, 0% used [0x00000000ef980000,0x00000000ef980000,0x00000000f0b80000)
 ParOldGen       total 158208K, used 78329K [0x00000000c0000000, 0x00000000c9a80000, 0x00000000eab00000)
  object space 158208K, 49% used [0x00000000c0000000,0x00000000c4c7e6d8,0x00000000c9a80000)
 Metaspace       used 6579K, capacity 7320K, committed 7680K, reserved 1056768K
  class space    used 626K, capacity 656K, committed 768K, reserved 1048576K
Event: 6.205 GC heap after
Heap after GC invocations=16 (full 3):
 PSYoungGen      total 98816K, used 18420K [0x00000000eab00000, 0x00000000f1f80000, 0x0000000100000000)
  eden space 80384K, 0% used [0x00000000eab00000,0x00000000eab00000,0x00000000ef980000)
  from space 18432K, 99% used [0x00000000ef980000,0x00000000f0b7d2a0,0x00000000f0b80000)
  to   space 17920K, 0% used [0x00000000f0b80000,0x00000000f0b80000,0x00000000f1d00000)
 ParOldGen       total 158208K, used 86444K [0x00000000c0000000, 0x00000000c9a80000, 0x00000000eab00000)
  object space 158208K, 54% used [0x00000000c0000000,0x00000000c546b330,0x00000000c9a80000)
 Metaspace       used 6579K, capacity 7320K, committed 7680K, reserved 1056768K
  class space    used 626K, capacity 656K, committed 768K, reserved 1048576K
}

